<?xml version="1.0" encoding="UTF-8"?>
<!-- Generated by org.testng.reporters.JUnitReportReporter -->
<testsuite hostname="DESKTOP-IC2J1DS" name="com.jira.restproject.CommentidValidation" tests="1" failures="0" timestamp="20 Sep 2020 02:27:59 GMT" time="3.880" errors="0">
  <testcase name="jiraapicomment_test" time="3.880" classname="com.jira.restproject.CommentidValidation"/>
</testsuite> <!-- com.jira.restproject.CommentidValidation -->
