<?xml version="1.0" encoding="UTF-8"?>
<!-- Generated by org.testng.reporters.JUnitReportReporter -->
<testsuite hostname="DESKTOP-IC2J1DS" name="com.oauth.project.OauthWithPojo" tests="1" failures="0" timestamp="20 Sep 2020 19:36:06 GMT" time="5.058" errors="0">
  <testcase name="oAuthtest2" time="5.058" classname="com.oauth.project.OauthWithPojo"/>
</testsuite> <!-- com.oauth.project.OauthWithPojo -->
