<?xml version="1.0" encoding="UTF-8"?>
<!-- Generated by org.testng.reporters.JUnitReportReporter -->
<testsuite hostname="DESKTOP-IC2J1DS" name="com.oauth.project.Oauth2Example" tests="1" failures="0" timestamp="21 Sep 2020 04:06:35 GMT" time="7.589" errors="0">
  <testcase name="oAuthtest" time="7.589" classname="com.oauth.project.Oauth2Example"/>
</testsuite> <!-- com.oauth.project.Oauth2Example -->
