<?xml version="1.0" encoding="UTF-8"?>
<!-- Generated by org.testng.reporters.JUnitReportReporter -->
<testsuite hostname="DESKTOP-IC2J1DS" name="com.jira.restproject.CreateSessionAddTicket" tests="1" failures="0" timestamp="20 Sep 2020 02:00:54 GMT" time="3.630" errors="0">
  <testcase name="jiraapi_test" time="3.630" classname="com.jira.restproject.CreateSessionAddTicket"/>
</testsuite> <!-- com.jira.restproject.CreateSessionAddTicket -->
