<?xml version="1.0" encoding="UTF-8"?>
<!-- Generated by org.testng.reporters.JUnitReportReporter -->
<testsuite hostname="DESKTOP-IC2J1DS" name="com.rest.RestProject.JsonParsingExample" tests="1" failures="0" timestamp="18 Sep 2020 13:10:53 GMT" time="1.271" errors="0">
  <testcase name="getCourseSet" time="1.271" classname="com.rest.RestProject.JsonParsingExample"/>
</testsuite> <!-- com.rest.RestProject.JsonParsingExample -->
