<?xml version="1.0" encoding="UTF-8"?>
<!-- Generated by org.testng.reporters.JUnitReportReporter -->
<testsuite hostname="DESKTOP-IC2J1DS" name="com.maps.project.SerializationExample" tests="1" failures="0" timestamp="21 Sep 2020 02:18:56 GMT" time="4.341" errors="0">
  <testcase name="serializeTest" time="4.341" classname="com.maps.project.SerializationExample"/>
</testsuite> <!-- com.maps.project.SerializationExample -->
