<?xml version="1.0" encoding="UTF-8"?>
<!-- Generated by org.testng.reporters.JUnitReportReporter -->
<testsuite hostname="DESKTOP-IC2J1DS" name="com.specbuilder.project.SpecBuilderExample" tests="1" failures="0" timestamp="21 Sep 2020 02:49:17 GMT" time="4.151" errors="0">
  <testcase name="serializeTest" time="4.151" classname="com.specbuilder.project.SpecBuilderExample"/>
</testsuite> <!-- com.specbuilder.project.SpecBuilderExample -->
