<?xml version="1.0" encoding="UTF-8"?>
<!-- Generated by org.testng.reporters.JUnitReportReporter -->
<testsuite hostname="DESKTOP-IC2J1DS" name="com.pojoMaps.project.SerializationExample" tests="1" failures="0" timestamp="21 Sep 2020 01:51:44 GMT" time="3.519" errors="0">
  <testcase name="serializeTest" time="3.519" classname="com.pojoMaps.project.SerializationExample"/>
</testsuite> <!-- com.pojoMaps.project.SerializationExample -->
